Starting Tour Planner Client...
Fetching tours from server...
Fetching tour logs from server...
Fetching tours from server...
Fetching tour logs from server...
Updating tour button state
Updating tour log button state
Initializing Button State
Starting Tour Planner Client...
Fetching tours from server...
Fetching tour logs from server...
Fetching tours from server...
Fetching tour logs from server...
Updating tour button state
Updating tour log button state
Initializing Button State
Starting Tour Planner Client...
Fetching tours from server...
Fetching tour logs from server...
Fetching tours from server...
Fetching tour logs from server...
Updating tour button state
Updating tour log button state
Initializing Button State
INFO - Starting Tour Planner Client...
INFO - Fetching tours from server...
INFO - Fetching tour logs from server...
INFO - Fetching tours from server...
INFO - Fetching tour logs from server...
INFO - Updating tour button state
INFO - Updating tour log button state
INFO - Initializing Button State
INFO - Starting Tour Planner Client...
INFO - Fetching tours from server...
INFO - Fetching tour logs from server...
INFO - Fetching tours from server...
INFO - Fetching tour logs from server...
INFO - Updating tour button state
INFO - Updating tour log button state
INFO - Initializing Button State
INFO - RouteInfo[distanceInKm=183.0832, durationInHours=36.61636111111111]
INFO - Creating new tour: Test
INFO - Updating tour log button state
INFO - Updating tour button state
INFO - Fetching tour logs for tour ID: 0196e4ee-5f81-7000-bb75-0f5a08168047
